<?xml version="1.0" encoding="UTF-8"?>
<!-- Generated by org.testng.reporters.JUnitReportReporter -->
<testsuite skipped="0" hostname="info-MACs-MacBook-Pro.local" name="CommentTest" tests="3" failures="0" timestamp="2021-06-17T17:36:37 IST" time="3.585" errors="0">
  <testcase name="getCommentsListAPI" time="0.656" classname="CommentTest"/>
  <system-out/>
  <testcase name="getCommentsSpecificPosts" time="0.938" classname="CommentTest"/>
  <system-out/>
  <testcase name="createCommentsSpecificPosts" time="1.991" classname="CommentTest"/>
  <system-out/>
</testsuite> <!-- CommentTest -->
