<?xml version="1.0" encoding="UTF-8"?>
<!-- Generated by org.testng.reporters.JUnitReportReporter -->
<testsuite skipped="0" hostname="info-MACs-MacBook-Pro.local" name="UserTest" tests="4" failures="0" timestamp="2021-06-17T17:36:37 IST" time="4.781" errors="0">
  <testcase name="getUserListAPI" time="1.898" classname="UserTest"/>
  <system-out/>
  <testcase name="getUserSpecificUser" time="0.790" classname="UserTest"/>
  <system-out/>
  <testcase name="createUserSpecificUser" time="0.956" classname="UserTest"/>
  <system-out/>
  <testcase name="updateUserSpecificUser" time="1.137" classname="UserTest"/>
  <system-out/>
</testsuite> <!-- UserTest -->
