<?xml version="1.0" encoding="UTF-8"?>
<!-- Generated by org.testng.reporters.JUnitReportReporter -->
<testsuite skipped="0" hostname="info-MACs-MacBook-Pro.local" name="PostTest" tests="3" failures="0" timestamp="2021-06-17T17:36:37 IST" time="4.320" errors="0">
  <testcase name="getPostsListAPI" time="0.566" classname="PostTest"/>
  <system-out/>
  <testcase name="getUserSpecificPosts" time="0.688" classname="PostTest"/>
  <system-out/>
  <testcase name="createPostSpecificPosts" time="3.066" classname="PostTest"/>
  <system-out/>
</testsuite> <!-- PostTest -->
